<?xml version="1.0" encoding="UTF-8" ?>
<testsuites>
<testsuite name="Frisby Test: Add new Vehicle Owner to the System." errors="0" tests="1" failures="0" time="0.046" timestamp="2017-01-21T14:53:09">
  <testcase classname="Frisby Test: Add new Vehicle Owner to the System." name="
	[ POST http://localhost:8080/api/vehicleowners ]" time="0.044"></testcase>
</testsuite>
</testsuites>